<?xml version="1.0" encoding="UTF-8"?>
<testsuite name="santander.regresion.test.IncydentKopiowanieProcesu" tests="1" skipped="0" failures="0" errors="0" timestamp="2018-08-09T18:37:58" hostname="DESKTOP-H7PFGS0" time="96.671">
  <properties/>
  <testcase name="testIncydentKopiowanieProcesu" classname="santander.regresion.test.IncydentKopiowanieProcesu" time="96.671"/>
  <system-out><![CDATA[]]></system-out>
  <system-err><![CDATA[sie 09, 2018 8:37:57 PM org.openqa.selenium.remote.ProtocolHandshake createSession
INFO: Detected dialect: OSS
]]></system-err>
</testsuite>
