<?xml version="1.0" encoding="UTF-8"?>
<testsuite name="santander.regresion.test.Zgloszenie" tests="1" skipped="0" failures="0" errors="0" timestamp="2018-08-09T18:40:42" hostname="DESKTOP-H7PFGS0" time="19.982">
  <properties/>
  <testcase name="testZgloszenie" classname="santander.regresion.test.Zgloszenie" time="19.982"/>
  <system-out><![CDATA[]]></system-out>
  <system-err><![CDATA[sie 09, 2018 8:40:41 PM org.openqa.selenium.remote.ProtocolHandshake createSession
INFO: Detected dialect: OSS
]]></system-err>
</testsuite>
