<?xml version="1.0" encoding="UTF-8"?>
<testsuite name="santander.regresion.test.ZgloszeniePrzeksztalcenieWeWniosekoUprawnienia" tests="1" skipped="0" failures="0" errors="0" timestamp="2018-08-09T18:41:45" hostname="DESKTOP-H7PFGS0" time="33.882">
  <properties/>
  <testcase name="testZgloszeniePrzeksztalcenieWeWniosekoUprawnienia" classname="santander.regresion.test.ZgloszeniePrzeksztalcenieWeWniosekoUprawnienia" time="33.882"/>
  <system-out><![CDATA[]]></system-out>
  <system-err><![CDATA[sie 09, 2018 8:41:44 PM org.openqa.selenium.remote.ProtocolHandshake createSession
INFO: Detected dialect: OSS
]]></system-err>
</testsuite>
