<?xml version="1.0" encoding="UTF-8"?>
<testsuite name="santander.regresion.test.ZamkniecieZgloszenia" tests="1" skipped="0" failures="0" errors="0" timestamp="2018-08-09T18:40:14" hostname="DESKTOP-H7PFGS0" time="22.022">
  <properties/>
  <testcase name="testZamkniecieZgloszenia" classname="santander.regresion.test.ZamkniecieZgloszenia" time="22.022"/>
  <system-out><![CDATA[]]></system-out>
  <system-err><![CDATA[sie 09, 2018 8:40:13 PM org.openqa.selenium.remote.ProtocolHandshake createSession
INFO: Detected dialect: OSS
]]></system-err>
</testsuite>
