<?xml version="1.0" encoding="UTF-8"?>
<testsuite name="santander.regresion.test.ZgloszeniePrzeksztalcenieWeWniosek" tests="1" skipped="0" failures="0" errors="0" timestamp="2018-08-09T18:41:07" hostname="DESKTOP-H7PFGS0" time="32.724">
  <properties/>
  <testcase name="testZgloszeniePrzeksztalcenieWeWniosek" classname="santander.regresion.test.ZgloszeniePrzeksztalcenieWeWniosek" time="32.724"/>
  <system-out><![CDATA[]]></system-out>
  <system-err><![CDATA[sie 09, 2018 8:41:06 PM org.openqa.selenium.remote.ProtocolHandshake createSession
INFO: Detected dialect: OSS
]]></system-err>
</testsuite>
