<?xml version="1.0" encoding="UTF-8"?>
<!-- Generated by org.testng.reporters.JUnitReportReporter -->
<testsuite skipped="0" hostname="DESKTOP-H7PFGS0" name="santander.regresion.test.ZgloszeniePrzeksztalcenieWeWniosekoUprawnienia" tests="1" failures="0" timestamp="2018-08-09T13:31:35 CEST" time="36.858" errors="0">
  <testcase name="testZgloszeniePrzeksztalcenieWeWniosekoUprawnienia" time="36.858" classname="santander.regresion.test.ZgloszeniePrzeksztalcenieWeWniosekoUprawnienia"/>
</testsuite> <!-- santander.regresion.test.ZgloszeniePrzeksztalcenieWeWniosekoUprawnienia -->
