<?xml version="1.0" encoding="UTF-8"?>
<!-- Generated by org.testng.reporters.JUnitReportReporter -->
<testsuite skipped="0" hostname="DESKTOP-H7PFGS0" name="santander.regresion.test.ZgloszeniePrzeksztalcenieWeWniosek" tests="1" failures="0" timestamp="2018-08-09T13:31:35 CEST" time="36.326" errors="0">
  <testcase name="testZgloszeniePrzeksztalcenieWeWniosek" time="36.326" classname="santander.regresion.test.ZgloszeniePrzeksztalcenieWeWniosek"/>
</testsuite> <!-- santander.regresion.test.ZgloszeniePrzeksztalcenieWeWniosek -->
