<?xml version="1.0" encoding="UTF-8"?>
<!-- Generated by org.testng.reporters.JUnitReportReporter -->
<testsuite skipped="0" hostname="DESKTOP-H7PFGS0" name="santander.regresion.test.PrzejecieZgloszenia" tests="1" failures="0" timestamp="2018-08-09T13:31:35 CEST" time="39.448" errors="0">
  <testcase name="testPrzejecieZgloszenia" time="39.448" classname="santander.regresion.test.PrzejecieZgloszenia"/>
</testsuite> <!-- santander.regresion.test.PrzejecieZgloszenia -->
